{
  "0 debug pnpm:scope": {
    "selected": 1
  },
  "1 error pnpm": {
    "code": "ELIFECYCLE",
    "errno": "ENOENT",
    "syscall": "spawn",
    "file": "sh",
    "pkgid": "sveltekit-test@0.0.1",
    "stage": "dev",
    "script": "vite dev",
    "pkgname": "sveltekit-test",
    "err": {
      "name": "pnpm",
      "message": "sveltekit-test@0.0.1 dev: `vite dev`\nspawn ENOENT",
      "code": "ELIFECYCLE",
      "stack": "pnpm: sveltekit-test@0.0.1 dev: `vite dev`\nspawn ENOENT\n    at ChildProcess.<anonymous> (/Users/josh/Library/pnpm/global/5/.pnpm/pnpm@7.5.0/node_modules/pnpm/dist/pnpm.cjs:95169:22)\n    at ChildProcess.emit (node:events:537:28)\n    at maybeClose (node:internal/child_process:1091:16)\n    at ChildProcess._handle.onexit (node:internal/child_process:302:5)"
    }
  },
  "2 warn pnpm:global": " Local package.json exists, but node_modules missing, did you mean to install?"
}